EDA Netlist Writer report for Lab3_1
Tue Oct 27 18:39:04 2015
Quartus II 64-Bit Version 15.0.0 Build 145 04/22/2015 SJ Web Edition


---------------------
; Table of Contents ;
---------------------
  1. Legal Notice
  2. EDA Netlist Writer Summary
  3. Simulation Settings
  4. Simulation Generated Files
  5. Board-Level Settings
  6. Board-Level Generated Files
  7. EDA Netlist Writer Messages



----------------
; Legal Notice ;
----------------
Copyright (C) 1991-2015 Altera Corporation. All rights reserved.
Your use of Altera Corporation's design tools, logic functions 
and other software and tools, and its AMPP partner logic 
functions, and any output files from any of the foregoing 
(including device programming or simulation files), and any 
associated documentation or information are expressly subject 
to the terms and conditions of the Altera Program License 
Subscription Agreement, the Altera Quartus II License Agreement,
the Altera MegaCore Function License Agreement, or other 
applicable license agreement, including, without limitation, 
that your use is for the sole purpose of programming logic 
devices manufactured by Altera and sold by Altera or its 
authorized distributors.  Please refer to the applicable 
agreement for further details.



+------------------------------------------------------------------------------+
; EDA Netlist Writer Summary                                                   ;
+--------------------------------------+---------------------------------------+
; EDA Netlist Writer Status            ; Successful - Tue Oct 27 18:39:04 2015 ;
; Revision Name                        ; Lab3_1                                ;
; Top-level Entity Name                ; PC_tplvl                              ;
; Family                               ; Cyclone IV GX                         ;
; Simulation Files Creation            ; Successful                            ;
; Board Timing Analysis Files Creation ; Successful                            ;
+--------------------------------------+---------------------------------------+


+----------------------------------------------------------------------------------------------------------------------------+
; Simulation Settings                                                                                                        ;
+---------------------------------------------------------------------------------------------------+------------------------+
; Option                                                                                            ; Setting                ;
+---------------------------------------------------------------------------------------------------+------------------------+
; Tool Name                                                                                         ; ModelSim-Altera (VHDL) ;
; Generate netlist for functional simulation only                                                   ; Off                    ;
; Time scale                                                                                        ; 1 ps                   ;
; Truncate long hierarchy paths                                                                     ; Off                    ;
; Map illegal HDL characters                                                                        ; Off                    ;
; Flatten buses into individual nodes                                                               ; Off                    ;
; Maintain hierarchy                                                                                ; Off                    ;
; Bring out device-wide set/reset signals as ports                                                  ; Off                    ;
; Enable glitch filtering                                                                           ; Off                    ;
; Do not write top level VHDL entity                                                                ; Off                    ;
; Disable detection of setup and hold time violations in the input registers of bi-directional pins ; Off                    ;
; Architecture name in VHDL output netlist                                                          ; structure              ;
; Generate third-party EDA tool command script for RTL functional simulation                        ; Off                    ;
; Generate third-party EDA tool command script for gate-level simulation                            ; Off                    ;
+---------------------------------------------------------------------------------------------------+------------------------+


+------------------------------------------------------------------------------------------------------------------------+
; Simulation Generated Files                                                                                             ;
+------------------------------------------------------------------------------------------------------------------------+
; Generated Files                                                                                                        ;
+------------------------------------------------------------------------------------------------------------------------+
; C:/Users/slichtenheld/Documents/UF/Fall15/CompArch/Lab3/PC_rOP/simulation/modelsim/Lab3_1_7_1200mv_100c_slow.vho       ;
; C:/Users/slichtenheld/Documents/UF/Fall15/CompArch/Lab3/PC_rOP/simulation/modelsim/Lab3_1_7_1200mv_-40c_slow.vho       ;
; C:/Users/slichtenheld/Documents/UF/Fall15/CompArch/Lab3/PC_rOP/simulation/modelsim/Lab3_1_min_1200mv_-40c_fast.vho     ;
; C:/Users/slichtenheld/Documents/UF/Fall15/CompArch/Lab3/PC_rOP/simulation/modelsim/Lab3_1.vho                          ;
; C:/Users/slichtenheld/Documents/UF/Fall15/CompArch/Lab3/PC_rOP/simulation/modelsim/Lab3_1_7_1200mv_100c_vhd_slow.sdo   ;
; C:/Users/slichtenheld/Documents/UF/Fall15/CompArch/Lab3/PC_rOP/simulation/modelsim/Lab3_1_7_1200mv_-40c_vhd_slow.sdo   ;
; C:/Users/slichtenheld/Documents/UF/Fall15/CompArch/Lab3/PC_rOP/simulation/modelsim/Lab3_1_min_1200mv_-40c_vhd_fast.sdo ;
; C:/Users/slichtenheld/Documents/UF/Fall15/CompArch/Lab3/PC_rOP/simulation/modelsim/Lab3_1_vhd.sdo                      ;
+------------------------------------------------------------------------------------------------------------------------+


+----------------------------------------+
; Board-Level Settings                   ;
+------------------------------+---------+
; Option                       ; Setting ;
+------------------------------+---------+
; Board Timing Analysis Format ; STAMP   ;
+------------------------------+---------+


+-----------------------------------------------------------------------------------------------------------------------------------------------------------------------------------------------------+
; Board-Level Generated Files                                                                                                                                                                         ;
+-----------------------------------------------------------------------------------------------------------------------------------------------------------------------------------------------------+
; Generated Files                                                                                                                                                                                     ;
+-----------------------------------------------------------------------------------------------------------------------------------------------------------------------------------------------------+
; Board Timing Analysis                                                                                                                                                                               ;
;     C:/Users/slichtenheld/Documents/UF/Fall15/CompArch/Lab3/PC_rOP/timing/stamp/C:/Users/slichtenheld/Documents/UF/Fall15/CompArch/Lab3/PC_rOP/timing/stamp//Lab3_1_7_1200mv_100c_board_slow.mod    ;
;     C:/Users/slichtenheld/Documents/UF/Fall15/CompArch/Lab3/PC_rOP/timing/stamp/C:/Users/slichtenheld/Documents/UF/Fall15/CompArch/Lab3/PC_rOP/timing/stamp//Lab3_1_7_1200mv_100c_board_slow.data   ;
;     C:/Users/slichtenheld/Documents/UF/Fall15/CompArch/Lab3/PC_rOP/timing/stamp/C:/Users/slichtenheld/Documents/UF/Fall15/CompArch/Lab3/PC_rOP/timing/stamp//Lab3_1_7_1200mv_-40c_board_slow.mod    ;
;     C:/Users/slichtenheld/Documents/UF/Fall15/CompArch/Lab3/PC_rOP/timing/stamp/C:/Users/slichtenheld/Documents/UF/Fall15/CompArch/Lab3/PC_rOP/timing/stamp//Lab3_1_7_1200mv_-40c_board_slow.data   ;
;     C:/Users/slichtenheld/Documents/UF/Fall15/CompArch/Lab3/PC_rOP/timing/stamp/C:/Users/slichtenheld/Documents/UF/Fall15/CompArch/Lab3/PC_rOP/timing/stamp//Lab3_1_min_1200mv_-40c_board_fast.mod  ;
;     C:/Users/slichtenheld/Documents/UF/Fall15/CompArch/Lab3/PC_rOP/timing/stamp/C:/Users/slichtenheld/Documents/UF/Fall15/CompArch/Lab3/PC_rOP/timing/stamp//Lab3_1_min_1200mv_-40c_board_fast.data ;
;     C:/Users/slichtenheld/Documents/UF/Fall15/CompArch/Lab3/PC_rOP/timing/stamp/C:/Users/slichtenheld/Documents/UF/Fall15/CompArch/Lab3/PC_rOP/timing/stamp//Lab3_1_board.mod                       ;
;     C:/Users/slichtenheld/Documents/UF/Fall15/CompArch/Lab3/PC_rOP/timing/stamp/C:/Users/slichtenheld/Documents/UF/Fall15/CompArch/Lab3/PC_rOP/timing/stamp//Lab3_1_board.data                      ;
+-----------------------------------------------------------------------------------------------------------------------------------------------------------------------------------------------------+


+-----------------------------+
; EDA Netlist Writer Messages ;
+-----------------------------+
Info: *******************************************************************
Info: Running Quartus II 64-Bit EDA Netlist Writer
    Info: Version 15.0.0 Build 145 04/22/2015 SJ Web Edition
    Info: Processing started: Tue Oct 27 18:39:03 2015
Info: Command: quartus_eda --read_settings_files=off --write_settings_files=off Lab3_1 -c Lab3_1
Info (204019): Generated file Lab3_1_7_1200mv_100c_slow.vho in folder "C:/Users/slichtenheld/Documents/UF/Fall15/CompArch/Lab3/PC_rOP/simulation/modelsim/" for EDA simulation tool
Info (204019): Generated file Lab3_1_7_1200mv_-40c_slow.vho in folder "C:/Users/slichtenheld/Documents/UF/Fall15/CompArch/Lab3/PC_rOP/simulation/modelsim/" for EDA simulation tool
Info (204019): Generated file Lab3_1_min_1200mv_-40c_fast.vho in folder "C:/Users/slichtenheld/Documents/UF/Fall15/CompArch/Lab3/PC_rOP/simulation/modelsim/" for EDA simulation tool
Info (204019): Generated file Lab3_1.vho in folder "C:/Users/slichtenheld/Documents/UF/Fall15/CompArch/Lab3/PC_rOP/simulation/modelsim/" for EDA simulation tool
Info (204019): Generated file Lab3_1_7_1200mv_100c_vhd_slow.sdo in folder "C:/Users/slichtenheld/Documents/UF/Fall15/CompArch/Lab3/PC_rOP/simulation/modelsim/" for EDA simulation tool
Info (204019): Generated file Lab3_1_7_1200mv_-40c_vhd_slow.sdo in folder "C:/Users/slichtenheld/Documents/UF/Fall15/CompArch/Lab3/PC_rOP/simulation/modelsim/" for EDA simulation tool
Info (204019): Generated file Lab3_1_min_1200mv_-40c_vhd_fast.sdo in folder "C:/Users/slichtenheld/Documents/UF/Fall15/CompArch/Lab3/PC_rOP/simulation/modelsim/" for EDA simulation tool
Info (204019): Generated file Lab3_1_vhd.sdo in folder "C:/Users/slichtenheld/Documents/UF/Fall15/CompArch/Lab3/PC_rOP/simulation/modelsim/" for EDA simulation tool
Info (199047): Generated files "C:/Users/slichtenheld/Documents/UF/Fall15/CompArch/Lab3/PC_rOP/timing/stamp//Lab3_1_7_1200mv_100c_board_slow.mod" and "C:/Users/slichtenheld/Documents/UF/Fall15/CompArch/Lab3/PC_rOP/timing/stamp//Lab3_1_7_1200mv_100c_board_slow.data"
Info (199047): Generated files "C:/Users/slichtenheld/Documents/UF/Fall15/CompArch/Lab3/PC_rOP/timing/stamp//Lab3_1_7_1200mv_-40c_board_slow.mod" and "C:/Users/slichtenheld/Documents/UF/Fall15/CompArch/Lab3/PC_rOP/timing/stamp//Lab3_1_7_1200mv_-40c_board_slow.data"
Info (199047): Generated files "C:/Users/slichtenheld/Documents/UF/Fall15/CompArch/Lab3/PC_rOP/timing/stamp//Lab3_1_min_1200mv_-40c_board_fast.mod" and "C:/Users/slichtenheld/Documents/UF/Fall15/CompArch/Lab3/PC_rOP/timing/stamp//Lab3_1_min_1200mv_-40c_board_fast.data"
Info (199047): Generated files "C:/Users/slichtenheld/Documents/UF/Fall15/CompArch/Lab3/PC_rOP/timing/stamp//Lab3_1_board.mod" and "C:/Users/slichtenheld/Documents/UF/Fall15/CompArch/Lab3/PC_rOP/timing/stamp//Lab3_1_board.data"
Info: Quartus II 64-Bit EDA Netlist Writer was successful. 0 errors, 0 warnings
    Info: Peak virtual memory: 670 megabytes
    Info: Processing ended: Tue Oct 27 18:39:04 2015
    Info: Elapsed time: 00:00:01
    Info: Total CPU time (on all processors): 00:00:01


