Flow report for Lab4
Tue Nov 17 15:44:37 2015
Quartus II 64-Bit Version 15.0.0 Build 145 04/22/2015 SJ Web Edition


---------------------
; Table of Contents ;
---------------------
  1. Legal Notice
  2. Flow Summary
  3. Flow Settings
  4. Flow Non-Default Global Settings
  5. Flow Elapsed Time
  6. Flow OS Summary
  7. Flow Log
  8. Flow Messages
  9. Flow Suppressed Messages



----------------
; Legal Notice ;
----------------
Copyright (C) 1991-2015 Altera Corporation. All rights reserved.
Your use of Altera Corporation's design tools, logic functions 
and other software and tools, and its AMPP partner logic 
functions, and any output files from any of the foregoing 
(including device programming or simulation files), and any 
associated documentation or information are expressly subject 
to the terms and conditions of the Altera Program License 
Subscription Agreement, the Altera Quartus II License Agreement,
the Altera MegaCore Function License Agreement, or other 
applicable license agreement, including, without limitation, 
that your use is for the sole purpose of programming logic 
devices manufactured by Altera and sold by Altera or its 
authorized distributors.  Please refer to the applicable 
agreement for further details.



+---------------------------------------------------------------------------------+
; Flow Summary                                                                    ;
+------------------------------------+--------------------------------------------+
; Flow Status                        ; Successful - Tue Nov 17 15:44:37 2015      ;
; Quartus II 64-Bit Version          ; 15.0.0 Build 145 04/22/2015 SJ Web Edition ;
; Revision Name                      ; Lab4                                       ;
; Top-level Entity Name              ; tplvl                                      ;
; Family                             ; Cyclone IV GX                              ;
; Device                             ; EP4CGX150DF31I7                            ;
; Timing Models                      ; Final                                      ;
; Total logic elements               ; 0 / 149,760 ( 0 % )                        ;
;     Total combinational functions  ; 0 / 149,760 ( 0 % )                        ;
;     Dedicated logic registers      ; 0 / 149,760 ( 0 % )                        ;
; Total registers                    ; 0                                          ;
; Total pins                         ; 3 / 508 ( < 1 % )                          ;
; Total virtual pins                 ; 0                                          ;
; Total memory bits                  ; 0 / 6,635,520 ( 0 % )                      ;
; Embedded Multiplier 9-bit elements ; 0 / 720 ( 0 % )                            ;
; Total GXB Receiver Channel PCS     ; 0 / 8 ( 0 % )                              ;
; Total GXB Receiver Channel PMA     ; 0 / 8 ( 0 % )                              ;
; Total GXB Transmitter Channel PCS  ; 0 / 8 ( 0 % )                              ;
; Total GXB Transmitter Channel PMA  ; 0 / 8 ( 0 % )                              ;
; Total PLLs                         ; 0 / 8 ( 0 % )                              ;
+------------------------------------+--------------------------------------------+


+-----------------------------------------+
; Flow Settings                           ;
+-------------------+---------------------+
; Option            ; Setting             ;
+-------------------+---------------------+
; Start date & time ; 11/17/2015 15:43:32 ;
; Main task         ; Compilation         ;
; Revision Name     ; Lab4                ;
+-------------------+---------------------+


+----------------------------------------------------------------------------------------------------------------------------+
; Flow Non-Default Global Settings                                                                                           ;
+-------------------------------------+---------------------------------------+---------------+-------------+----------------+
; Assignment Name                     ; Value                                 ; Default Value ; Entity Name ; Section Id     ;
+-------------------------------------+---------------------------------------+---------------+-------------+----------------+
; COMPILER_SIGNATURE_ID               ; 35633683125918.144779301202724        ; --            ; --          ; --             ;
; EDA_OUTPUT_DATA_FORMAT              ; Vhdl                                  ; --            ; --          ; eda_simulation ;
; EDA_SIMULATION_TOOL                 ; ModelSim-Altera (VHDL)                ; <None>        ; --          ; --             ;
; MAX_CORE_JUNCTION_TEMP              ; 100                                   ; --            ; --          ; --             ;
; MIN_CORE_JUNCTION_TEMP              ; -40                                   ; --            ; --          ; --             ;
; MISC_FILE                           ; instr_mem.inc                         ; --            ; --          ; --             ;
; MISC_FILE                           ; instr_mem.cmp                         ; --            ; --          ; --             ;
; MISC_FILE                           ; data_mem.inc                          ; --            ; --          ; --             ;
; MISC_FILE                           ; data_mem.cmp                          ; --            ; --          ; --             ;
; NOMINAL_CORE_SUPPLY_VOLTAGE         ; 1.2V                                  ; --            ; --          ; --             ;
; PARTITION_COLOR                     ; 16764057                              ; --            ; tplvl       ; Top            ;
; PARTITION_FITTER_PRESERVATION_LEVEL ; PLACEMENT_AND_ROUTING                 ; --            ; tplvl       ; Top            ;
; PARTITION_NETLIST_TYPE              ; SOURCE                                ; --            ; tplvl       ; Top            ;
; POWER_BOARD_THERMAL_MODEL           ; None (CONSERVATIVE)                   ; --            ; --          ; --             ;
; POWER_PRESET_COOLING_SOLUTION       ; 23 MM HEAT SINK WITH 200 LFPM AIRFLOW ; --            ; --          ; --             ;
; PROJECT_OUTPUT_DIRECTORY            ; output_files                          ; --            ; --          ; --             ;
; TOP_LEVEL_ENTITY                    ; tplvl                                 ; Lab4          ; --          ; --             ;
+-------------------------------------+---------------------------------------+---------------+-------------+----------------+


+-------------------------------------------------------------------------------------------------------------------------------+
; Flow Elapsed Time                                                                                                             ;
+---------------------------+--------------+-------------------------+---------------------+------------------------------------+
; Module Name               ; Elapsed Time ; Average Processors Used ; Peak Virtual Memory ; Total CPU Time (on all processors) ;
+---------------------------+--------------+-------------------------+---------------------+------------------------------------+
; Analysis & Synthesis      ; 00:00:20     ; 1.0                     ; 824 MB              ; 00:00:40                           ;
; Fitter                    ; 00:00:21     ; 1.2                     ; 1478 MB             ; 00:00:24                           ;
; Assembler                 ; 00:00:08     ; 1.0                     ; 698 MB              ; 00:00:08                           ;
; TimeQuest Timing Analyzer ; 00:00:03     ; 1.0                     ; 827 MB              ; 00:00:03                           ;
; EDA Netlist Writer        ; 00:00:02     ; 1.0                     ; 663 MB              ; 00:00:01                           ;
; Total                     ; 00:00:54     ; --                      ; --                  ; 00:01:16                           ;
+---------------------------+--------------+-------------------------+---------------------+------------------------------------+


+----------------------------------------------------------------------------------------+
; Flow OS Summary                                                                        ;
+---------------------------+------------------+-----------+------------+----------------+
; Module Name               ; Machine Hostname ; OS Name   ; OS Version ; Processor type ;
+---------------------------+------------------+-----------+------------+----------------+
; Analysis & Synthesis      ; DESKTOP-HUPE3FV  ; Windows 7 ; 6.2        ; x86_64         ;
; Fitter                    ; DESKTOP-HUPE3FV  ; Windows 7 ; 6.2        ; x86_64         ;
; Assembler                 ; DESKTOP-HUPE3FV  ; Windows 7 ; 6.2        ; x86_64         ;
; TimeQuest Timing Analyzer ; DESKTOP-HUPE3FV  ; Windows 7 ; 6.2        ; x86_64         ;
; EDA Netlist Writer        ; DESKTOP-HUPE3FV  ; Windows 7 ; 6.2        ; x86_64         ;
+---------------------------+------------------+-----------+------------+----------------+


------------
; Flow Log ;
------------
quartus_map --read_settings_files=on --write_settings_files=off Lab4 -c Lab4
quartus_fit --read_settings_files=off --write_settings_files=off Lab4 -c Lab4
quartus_asm --read_settings_files=off --write_settings_files=off Lab4 -c Lab4
quartus_sta Lab4 -c Lab4
quartus_eda --read_settings_files=off --write_settings_files=off Lab4 -c Lab4



