Analysis & Synthesis report for Lab3
Sun Nov 29 23:35:08 2015
Quartus II 64-Bit Version 15.0.0 Build 145 04/22/2015 SJ Web Edition


---------------------
; Table of Contents ;
---------------------
  1. Legal Notice
  2. Analysis & Synthesis Summary
  3. Analysis & Synthesis Settings
  4. Parallel Compilation
  5. Analysis & Synthesis Messages



----------------
; Legal Notice ;
----------------
Copyright (C) 1991-2015 Altera Corporation. All rights reserved.
Your use of Altera Corporation's design tools, logic functions 
and other software and tools, and its AMPP partner logic 
functions, and any output files from any of the foregoing 
(including device programming or simulation files), and any 
associated documentation or information are expressly subject 
to the terms and conditions of the Altera Program License 
Subscription Agreement, the Altera Quartus II License Agreement,
the Altera MegaCore Function License Agreement, or other 
applicable license agreement, including, without limitation, 
that your use is for the sole purpose of programming logic 
devices manufactured by Altera and sold by Altera or its 
authorized distributors.  Please refer to the applicable 
agreement for further details.



+---------------------------------------------------------------------------------+
; Analysis & Synthesis Summary                                                    ;
+------------------------------------+--------------------------------------------+
; Analysis & Synthesis Status        ; Failed - Sun Nov 29 23:35:08 2015          ;
; Quartus II 64-Bit Version          ; 15.0.0 Build 145 04/22/2015 SJ Web Edition ;
; Revision Name                      ; Lab3                                       ;
; Top-level Entity Name              ; ramControl2                                ;
; Family                             ; Cyclone IV GX                              ;
; Total logic elements               ; N/A until Partition Merge                  ;
;     Total combinational functions  ; N/A until Partition Merge                  ;
;     Dedicated logic registers      ; N/A until Partition Merge                  ;
; Total registers                    ; N/A until Partition Merge                  ;
; Total pins                         ; N/A until Partition Merge                  ;
; Total virtual pins                 ; N/A until Partition Merge                  ;
; Total memory bits                  ; N/A until Partition Merge                  ;
; Embedded Multiplier 9-bit elements ; N/A until Partition Merge                  ;
; Total GXB Receiver Channel PCS     ; N/A until Partition Merge                  ;
; Total GXB Receiver Channel PMA     ; N/A until Partition Merge                  ;
; Total GXB Transmitter Channel PCS  ; N/A until Partition Merge                  ;
; Total GXB Transmitter Channel PMA  ; N/A until Partition Merge                  ;
; Total PLLs                         ; N/A until Partition Merge                  ;
+------------------------------------+--------------------------------------------+


+----------------------------------------------------------------------------------------------------------------------+
; Analysis & Synthesis Settings                                                                                        ;
+----------------------------------------------------------------------------+--------------------+--------------------+
; Option                                                                     ; Setting            ; Default Value      ;
+----------------------------------------------------------------------------+--------------------+--------------------+
; Device                                                                     ; EP4CGX150DF31I7    ;                    ;
; Top-level entity name                                                      ; ramControl2        ; Lab3               ;
; Family name                                                                ; Cyclone IV GX      ; Cyclone V          ;
; Use smart compilation                                                      ; Off                ; Off                ;
; Enable parallel Assembler and TimeQuest Timing Analyzer during compilation ; On                 ; On                 ;
; Enable compact report table                                                ; Off                ; Off                ;
; Restructure Multiplexers                                                   ; Auto               ; Auto               ;
; Create Debugging Nodes for IP Cores                                        ; Off                ; Off                ;
; Preserve fewer node names                                                  ; On                 ; On                 ;
; Disable OpenCore Plus hardware evaluation                                  ; Off                ; Off                ;
; Verilog Version                                                            ; Verilog_2001       ; Verilog_2001       ;
; VHDL Version                                                               ; VHDL_1993          ; VHDL_1993          ;
; State Machine Processing                                                   ; Auto               ; Auto               ;
; Safe State Machine                                                         ; Off                ; Off                ;
; Extract Verilog State Machines                                             ; On                 ; On                 ;
; Extract VHDL State Machines                                                ; On                 ; On                 ;
; Ignore Verilog initial constructs                                          ; Off                ; Off                ;
; Iteration limit for constant Verilog loops                                 ; 5000               ; 5000               ;
; Iteration limit for non-constant Verilog loops                             ; 250                ; 250                ;
; Add Pass-Through Logic to Inferred RAMs                                    ; On                 ; On                 ;
; Infer RAMs from Raw Logic                                                  ; On                 ; On                 ;
; Parallel Synthesis                                                         ; On                 ; On                 ;
; DSP Block Balancing                                                        ; Auto               ; Auto               ;
; NOT Gate Push-Back                                                         ; On                 ; On                 ;
; Power-Up Don't Care                                                        ; On                 ; On                 ;
; Remove Redundant Logic Cells                                               ; Off                ; Off                ;
; Remove Duplicate Registers                                                 ; On                 ; On                 ;
; Ignore CARRY Buffers                                                       ; Off                ; Off                ;
; Ignore CASCADE Buffers                                                     ; Off                ; Off                ;
; Ignore GLOBAL Buffers                                                      ; Off                ; Off                ;
; Ignore ROW GLOBAL Buffers                                                  ; Off                ; Off                ;
; Ignore LCELL Buffers                                                       ; Off                ; Off                ;
; Ignore SOFT Buffers                                                        ; On                 ; On                 ;
; Limit AHDL Integers to 32 Bits                                             ; Off                ; Off                ;
; Optimization Technique                                                     ; Balanced           ; Balanced           ;
; Carry Chain Length                                                         ; 70                 ; 70                 ;
; Auto Carry Chains                                                          ; On                 ; On                 ;
; Auto Open-Drain Pins                                                       ; On                 ; On                 ;
; Perform WYSIWYG Primitive Resynthesis                                      ; Off                ; Off                ;
; Auto ROM Replacement                                                       ; On                 ; On                 ;
; Auto RAM Replacement                                                       ; On                 ; On                 ;
; Auto DSP Block Replacement                                                 ; On                 ; On                 ;
; Auto Shift Register Replacement                                            ; Auto               ; Auto               ;
; Allow Shift Register Merging across Hierarchies                            ; Auto               ; Auto               ;
; Auto Clock Enable Replacement                                              ; On                 ; On                 ;
; Strict RAM Replacement                                                     ; Off                ; Off                ;
; Allow Synchronous Control Signals                                          ; On                 ; On                 ;
; Force Use of Synchronous Clear Signals                                     ; Off                ; Off                ;
; Auto RAM Block Balancing                                                   ; On                 ; On                 ;
; Auto RAM to Logic Cell Conversion                                          ; Off                ; Off                ;
; Auto Resource Sharing                                                      ; Off                ; Off                ;
; Allow Any RAM Size For Recognition                                         ; Off                ; Off                ;
; Allow Any ROM Size For Recognition                                         ; Off                ; Off                ;
; Allow Any Shift Register Size For Recognition                              ; Off                ; Off                ;
; Use LogicLock Constraints during Resource Balancing                        ; On                 ; On                 ;
; Ignore translate_off and synthesis_off directives                          ; Off                ; Off                ;
; Timing-Driven Synthesis                                                    ; On                 ; On                 ;
; Report Parameter Settings                                                  ; On                 ; On                 ;
; Report Source Assignments                                                  ; On                 ; On                 ;
; Report Connectivity Checks                                                 ; On                 ; On                 ;
; Ignore Maximum Fan-Out Assignments                                         ; Off                ; Off                ;
; Synchronization Register Chain Length                                      ; 2                  ; 2                  ;
; PowerPlay Power Optimization During Synthesis                              ; Normal compilation ; Normal compilation ;
; HDL message level                                                          ; Level2             ; Level2             ;
; Suppress Register Optimization Related Messages                            ; Off                ; Off                ;
; Number of Removed Registers Reported in Synthesis Report                   ; 5000               ; 5000               ;
; Number of Swept Nodes Reported in Synthesis Report                         ; 5000               ; 5000               ;
; Number of Inverted Registers Reported in Synthesis Report                  ; 100                ; 100                ;
; Clock MUX Protection                                                       ; On                 ; On                 ;
; Auto Gated Clock Conversion                                                ; Off                ; Off                ;
; Block Design Naming                                                        ; Auto               ; Auto               ;
; SDC constraint protection                                                  ; Off                ; Off                ;
; Synthesis Effort                                                           ; Auto               ; Auto               ;
; Shift Register Replacement - Allow Asynchronous Clear Signal               ; On                 ; On                 ;
; Pre-Mapping Resynthesis Optimization                                       ; Off                ; Off                ;
; Analysis & Synthesis Message Level                                         ; Medium             ; Medium             ;
; Disable Register Merging Across Hierarchies                                ; Auto               ; Auto               ;
; Resource Aware Inference For Block RAM                                     ; On                 ; On                 ;
; Synthesis Seed                                                             ; 1                  ; 1                  ;
+----------------------------------------------------------------------------+--------------------+--------------------+


+------------------------------------------+
; Parallel Compilation                     ;
+----------------------------+-------------+
; Processors                 ; Number      ;
+----------------------------+-------------+
; Number detected on machine ; 4           ;
; Maximum allowed            ; 2           ;
;                            ;             ;
; Average used               ; 1.00        ;
; Maximum used               ; 1           ;
;                            ;             ;
; Usage by Processor         ; % Time Used ;
;     Processor 1            ; 100.0%      ;
;     Processors 2-4         ;   0.0%      ;
+----------------------------+-------------+


+-------------------------------+
; Analysis & Synthesis Messages ;
+-------------------------------+
Info: *******************************************************************
Info: Running Quartus II 64-Bit Analysis & Synthesis
    Info: Version 15.0.0 Build 145 04/22/2015 SJ Web Edition
    Info: Processing started: Sun Nov 29 23:34:51 2015
Info: Command: quartus_map --read_settings_files=on --write_settings_files=off Lab3 -c Lab3
Info (11104): Parallel Compilation has detected 4 hyper-threaded processors. However, the extra hyper-threaded processors will not be used by default. Parallel Compilation will use 2 of the 2 physical processors detected instead.
Info (12021): Found 2 design units, including 1 entities, in source file /users/slichtenheld/documents/uf/fall15/comparch/lab3/final/new folder/ramcontrol2.vhd
    Info (12022): Found design unit 1: ramControl-COMBINED
    Info (12023): Found entity 1: ramControl
Info (12021): Found 2 design units, including 1 entities, in source file /users/slichtenheld/documents/uf/fall15/comparch/lab3/new folder/roptst_tplvl.vhd
    Info (12022): Found design unit 1: rOpTst_tplvl-STR
    Info (12023): Found entity 1: rOpTst_tplvl
Info (12021): Found 2 design units, including 1 entities, in source file /users/slichtenheld/documents/uf/fall15/comparch/lab3/new folder/pcreg.vhd
    Info (12022): Found design unit 1: pcReg-BHV
    Info (12023): Found entity 1: pcReg
Info (12021): Found 1 design units, including 0 entities, in source file /users/slichtenheld/documents/uf/fall15/comparch/lab3/new folder/mipslib.vhd
    Info (12022): Found design unit 1: mipsLib
Info (12021): Found 2 design units, including 1 entities, in source file /users/slichtenheld/documents/uf/fall15/comparch/lab3/new folder/control.vhd
    Info (12022): Found design unit 1: control-BHV
    Info (12023): Found entity 1: control
Info (12021): Found 2 design units, including 1 entities, in source file /users/slichtenheld/documents/uf/fall15/comparch/lab3/new folder/decoder.vhd
    Info (12022): Found design unit 1: decoder-BHV
    Info (12023): Found entity 1: decoder
Info (12021): Found 2 design units, including 1 entities, in source file /users/slichtenheld/documents/uf/fall15/comparch/lab3/new folder/mux32_1.vhd
    Info (12022): Found design unit 1: mux32_1-BHV
    Info (12023): Found entity 1: mux32_1
Info (12021): Found 2 design units, including 1 entities, in source file /users/slichtenheld/documents/uf/fall15/comparch/lab3/lab2/alu32control.vhd
    Info (12022): Found design unit 1: alu32control-BHV
    Info (12023): Found entity 1: alu32control
Info (12021): Found 2 design units, including 1 entities, in source file /users/slichtenheld/documents/uf/fall15/comparch/lab3/lab2/registerfile.vhd
    Info (12022): Found design unit 1: registerFile-STR
    Info (12023): Found entity 1: registerFile
Info (12021): Found 2 design units, including 1 entities, in source file /users/slichtenheld/documents/uf/fall15/comparch/lab3/lab2/reg_gen.vhd
    Info (12022): Found design unit 1: reg_gen-BHV
    Info (12023): Found entity 1: reg_gen
Info (12021): Found 2 design units, including 1 entities, in source file /users/slichtenheld/documents/uf/fall15/comparch/lab3/lab2/alu32.vhd
    Info (12022): Found design unit 1: alu32-BHV
    Info (12023): Found entity 1: alu32
Info (12021): Found 2 design units, including 1 entities, in source file /users/slichtenheld/documents/uf/fall15/comparch/lab3/lab2/alu_ctrl.vhd
    Info (12022): Found design unit 1: alu_ctrl-STR
    Info (12023): Found entity 1: alu_ctrl
Info (12021): Found 2 design units, including 1 entities, in source file /users/slichtenheld/documents/uf/fall15/comparch/lab3/lab2/zeroext.vhd
    Info (12022): Found design unit 1: zeroext-BHV
    Info (12023): Found entity 1: zeroext
Info (12021): Found 2 design units, including 1 entities, in source file /users/slichtenheld/documents/uf/fall15/comparch/lab3/lab2/signext.vhd
    Info (12022): Found design unit 1: signext-BHV
    Info (12023): Found entity 1: signext
Info (12021): Found 2 design units, including 1 entities, in source file /users/slichtenheld/documents/uf/fall15/comparch/lab3/lab2/mux2_1.vhd
    Info (12022): Found design unit 1: mux2_1-BHV
    Info (12023): Found entity 1: mux2_1
Info (12021): Found 2 design units, including 1 entities, in source file /users/slichtenheld/documents/uf/fall15/comparch/lab3/lab2/extender.vhd
    Info (12022): Found design unit 1: extender-STR
    Info (12023): Found entity 1: extender
Error (10481): VHDL Use Clause error at ramControl2.vhd(31): design library "work" does not contain primary unit "mux4_1" File: C:/Users/slichtenheld/Documents/UF/Fall15/CompArch/Lab3/Final/New folder/ramControl2.vhd Line: 31
Error: Quartus II 64-Bit Analysis & Synthesis was unsuccessful. 1 error, 0 warnings
    Error: Peak virtual memory: 778 megabytes
    Error: Processing ended: Sun Nov 29 23:35:08 2015
    Error: Elapsed time: 00:00:17
    Error: Total CPU time (on all processors): 00:00:35


