Analysis & Synthesis report for lab3_2
Mon Nov 30 13:10:23 2015
Quartus II 64-Bit Version 15.0.0 Build 145 04/22/2015 SJ Web Edition


---------------------
; Table of Contents ;
---------------------
  1. Legal Notice
  2. Analysis & Synthesis Summary
  3. Analysis & Synthesis Settings
  4. Parallel Compilation
  5. Analysis & Synthesis Source Files Read
  6. Analysis & Synthesis Resource Usage Summary
  7. Analysis & Synthesis Resource Utilization by Entity
  8. Analysis & Synthesis RAM Summary
  9. Analysis & Synthesis IP Cores Summary
 10. Registers Removed During Synthesis
 11. General Register Statistics
 12. Multiplexer Restructuring Statistics (Restructuring Performed)
 13. Source assignments for RAM_data:U_Ram3_data|altsyncram:altsyncram_component|altsyncram_j9q3:auto_generated
 14. Source assignments for RAM_data:U_Ram2_data|altsyncram:altsyncram_component|altsyncram_j9q3:auto_generated
 15. Source assignments for RAM_data:U_Ram1_data|altsyncram:altsyncram_component|altsyncram_j9q3:auto_generated
 16. Source assignments for RAM_data:U_Ram0_data|altsyncram:altsyncram_component|altsyncram_j9q3:auto_generated
 17. Parameter Settings for User Entity Instance: mux4_1:U_mux4_1_IN
 18. Parameter Settings for User Entity Instance: RAM_data:U_Ram3_data|altsyncram:altsyncram_component
 19. Parameter Settings for User Entity Instance: RAM_data:U_Ram2_data|altsyncram:altsyncram_component
 20. Parameter Settings for User Entity Instance: RAM_data:U_Ram1_data|altsyncram:altsyncram_component
 21. Parameter Settings for User Entity Instance: RAM_data:U_Ram0_data|altsyncram:altsyncram_component
 22. Parameter Settings for User Entity Instance: mux4_1:U_mux4_1_OUT
 23. altsyncram Parameter Settings by Entity Instance
 24. Port Connectivity Checks: "RAM_data:U_Ram0_data"
 25. Port Connectivity Checks: "RAM_data:U_Ram1_data"
 26. Port Connectivity Checks: "RAM_data:U_Ram2_data"
 27. Port Connectivity Checks: "RAM_data:U_Ram3_data"
 28. Post-Synthesis Netlist Statistics for Top Partition
 29. Elapsed Time Per Partition
 30. Analysis & Synthesis Messages



----------------
; Legal Notice ;
----------------
Copyright (C) 1991-2015 Altera Corporation. All rights reserved.
Your use of Altera Corporation's design tools, logic functions 
and other software and tools, and its AMPP partner logic 
functions, and any output files from any of the foregoing 
(including device programming or simulation files), and any 
associated documentation or information are expressly subject 
to the terms and conditions of the Altera Program License 
Subscription Agreement, the Altera Quartus II License Agreement,
the Altera MegaCore Function License Agreement, or other 
applicable license agreement, including, without limitation, 
that your use is for the sole purpose of programming logic 
devices manufactured by Altera and sold by Altera or its 
authorized distributors.  Please refer to the applicable 
agreement for further details.



+---------------------------------------------------------------------------------+
; Analysis & Synthesis Summary                                                    ;
+------------------------------------+--------------------------------------------+
; Analysis & Synthesis Status        ; Successful - Mon Nov 30 13:10:23 2015      ;
; Quartus II 64-Bit Version          ; 15.0.0 Build 145 04/22/2015 SJ Web Edition ;
; Revision Name                      ; lab3_2                                     ;
; Top-level Entity Name              ; ramControl2                                ;
; Family                             ; Cyclone IV GX                              ;
; Total logic elements               ; 171                                        ;
;     Total combinational functions  ; 171                                        ;
;     Dedicated logic registers      ; 0                                          ;
; Total registers                    ; 0                                          ;
; Total pins                         ; 78                                         ;
; Total virtual pins                 ; 0                                          ;
; Total memory bits                  ; 8,192                                      ;
; Embedded Multiplier 9-bit elements ; 0                                          ;
; Total GXB Receiver Channel PCS     ; 0                                          ;
; Total GXB Receiver Channel PMA     ; 0                                          ;
; Total GXB Transmitter Channel PCS  ; 0                                          ;
; Total GXB Transmitter Channel PMA  ; 0                                          ;
; Total PLLs                         ; 0                                          ;
+------------------------------------+--------------------------------------------+


+----------------------------------------------------------------------------------------------------------------------+
; Analysis & Synthesis Settings                                                                                        ;
+----------------------------------------------------------------------------+--------------------+--------------------+
; Option                                                                     ; Setting            ; Default Value      ;
+----------------------------------------------------------------------------+--------------------+--------------------+
; Device                                                                     ; EP4CGX150DF31I7    ;                    ;
; Top-level entity name                                                      ; ramControl2        ; lab3_2             ;
; Family name                                                                ; Cyclone IV GX      ; Cyclone V          ;
; Use smart compilation                                                      ; Off                ; Off                ;
; Enable parallel Assembler and TimeQuest Timing Analyzer during compilation ; On                 ; On                 ;
; Enable compact report table                                                ; Off                ; Off                ;
; Restructure Multiplexers                                                   ; Auto               ; Auto               ;
; Create Debugging Nodes for IP Cores                                        ; Off                ; Off                ;
; Preserve fewer node names                                                  ; On                 ; On                 ;
; Disable OpenCore Plus hardware evaluation                                  ; Off                ; Off                ;
; Verilog Version                                                            ; Verilog_2001       ; Verilog_2001       ;
; VHDL Version                                                               ; VHDL_1993          ; VHDL_1993          ;
; State Machine Processing                                                   ; Auto               ; Auto               ;
; Safe State Machine                                                         ; Off                ; Off                ;
; Extract Verilog State Machines                                             ; On                 ; On                 ;
; Extract VHDL State Machines                                                ; On                 ; On                 ;
; Ignore Verilog initial constructs                                          ; Off                ; Off                ;
; Iteration limit for constant Verilog loops                                 ; 5000               ; 5000               ;
; Iteration limit for non-constant Verilog loops                             ; 250                ; 250                ;
; Add Pass-Through Logic to Inferred RAMs                                    ; On                 ; On                 ;
; Infer RAMs from Raw Logic                                                  ; On                 ; On                 ;
; Parallel Synthesis                                                         ; On                 ; On                 ;
; DSP Block Balancing                                                        ; Auto               ; Auto               ;
; NOT Gate Push-Back                                                         ; On                 ; On                 ;
; Power-Up Don't Care                                                        ; On                 ; On                 ;
; Remove Redundant Logic Cells                                               ; Off                ; Off                ;
; Remove Duplicate Registers                                                 ; On                 ; On                 ;
; Ignore CARRY Buffers                                                       ; Off                ; Off                ;
; Ignore CASCADE Buffers                                                     ; Off                ; Off                ;
; Ignore GLOBAL Buffers                                                      ; Off                ; Off                ;
; Ignore ROW GLOBAL Buffers                                                  ; Off                ; Off                ;
; Ignore LCELL Buffers                                                       ; Off                ; Off                ;
; Ignore SOFT Buffers                                                        ; On                 ; On                 ;
; Limit AHDL Integers to 32 Bits                                             ; Off                ; Off                ;
; Optimization Technique                                                     ; Balanced           ; Balanced           ;
; Carry Chain Length                                                         ; 70                 ; 70                 ;
; Auto Carry Chains                                                          ; On                 ; On                 ;
; Auto Open-Drain Pins                                                       ; On                 ; On                 ;
; Perform WYSIWYG Primitive Resynthesis                                      ; Off                ; Off                ;
; Auto ROM Replacement                                                       ; On                 ; On                 ;
; Auto RAM Replacement                                                       ; On                 ; On                 ;
; Auto DSP Block Replacement                                                 ; On                 ; On                 ;
; Auto Shift Register Replacement                                            ; Auto               ; Auto               ;
; Allow Shift Register Merging across Hierarchies                            ; Auto               ; Auto               ;
; Auto Clock Enable Replacement                                              ; On                 ; On                 ;
; Strict RAM Replacement                                                     ; Off                ; Off                ;
; Allow Synchronous Control Signals                                          ; On                 ; On                 ;
; Force Use of Synchronous Clear Signals                                     ; Off                ; Off                ;
; Auto RAM Block Balancing                                                   ; On                 ; On                 ;
; Auto RAM to Logic Cell Conversion                                          ; Off                ; Off                ;
; Auto Resource Sharing                                                      ; Off                ; Off                ;
; Allow Any RAM Size For Recognition                                         ; Off                ; Off                ;
; Allow Any ROM Size For Recognition                                         ; Off                ; Off                ;
; Allow Any Shift Register Size For Recognition                              ; Off                ; Off                ;
; Use LogicLock Constraints during Resource Balancing                        ; On                 ; On                 ;
; Ignore translate_off and synthesis_off directives                          ; Off                ; Off                ;
; Timing-Driven Synthesis                                                    ; On                 ; On                 ;
; Report Parameter Settings                                                  ; On                 ; On                 ;
; Report Source Assignments                                                  ; On                 ; On                 ;
; Report Connectivity Checks                                                 ; On                 ; On                 ;
; Ignore Maximum Fan-Out Assignments                                         ; Off                ; Off                ;
; Synchronization Register Chain Length                                      ; 2                  ; 2                  ;
; PowerPlay Power Optimization During Synthesis                              ; Normal compilation ; Normal compilation ;
; HDL message level                                                          ; Level2             ; Level2             ;
; Suppress Register Optimization Related Messages                            ; Off                ; Off                ;
; Number of Removed Registers Reported in Synthesis Report                   ; 5000               ; 5000               ;
; Number of Swept Nodes Reported in Synthesis Report                         ; 5000               ; 5000               ;
; Number of Inverted Registers Reported in Synthesis Report                  ; 100                ; 100                ;
; Clock MUX Protection                                                       ; On                 ; On                 ;
; Auto Gated Clock Conversion                                                ; Off                ; Off                ;
; Block Design Naming                                                        ; Auto               ; Auto               ;
; SDC constraint protection                                                  ; Off                ; Off                ;
; Synthesis Effort                                                           ; Auto               ; Auto               ;
; Shift Register Replacement - Allow Asynchronous Clear Signal               ; On                 ; On                 ;
; Pre-Mapping Resynthesis Optimization                                       ; Off                ; Off                ;
; Analysis & Synthesis Message Level                                         ; Medium             ; Medium             ;
; Disable Register Merging Across Hierarchies                                ; Auto               ; Auto               ;
; Resource Aware Inference For Block RAM                                     ; On                 ; On                 ;
; Synthesis Seed                                                             ; 1                  ; 1                  ;
+----------------------------------------------------------------------------+--------------------+--------------------+


+------------------------------------------+
; Parallel Compilation                     ;
+----------------------------+-------------+
; Processors                 ; Number      ;
+----------------------------+-------------+
; Number detected on machine ; 4           ;
; Maximum allowed            ; 2           ;
;                            ;             ;
; Average used               ; 1.00        ;
; Maximum used               ; 1           ;
;                            ;             ;
; Usage by Processor         ; % Time Used ;
;     Processor 1            ; 100.0%      ;
;     Processors 2-4         ;   0.0%      ;
+----------------------------+-------------+


+--------------------------------------------------------------------------------------------------------------------------------------------------------------------------------------------+
; Analysis & Synthesis Source Files Read                                                                                                                                                     ;
+----------------------------------+-----------------+------------------------------+----------------------------------------------------------------------------------------------+---------+
; File Name with User-Entered Path ; Used in Netlist ; File Type                    ; File Name with Absolute Path                                                                 ; Library ;
+----------------------------------+-----------------+------------------------------+----------------------------------------------------------------------------------------------+---------+
; ../mux4_1.vhd                    ; yes             ; User VHDL File               ; C:/Users/slichtenheld/Documents/UF/Fall15/CompArch/Lab3/Final/mux4_1.vhd                     ;         ;
; ../mipsLib.vhd                   ; yes             ; User VHDL File               ; C:/Users/slichtenheld/Documents/UF/Fall15/CompArch/Lab3/Final/mipsLib.vhd                    ;         ;
; ../New folder/ramControl2.vhd    ; yes             ; User VHDL File               ; C:/Users/slichtenheld/Documents/UF/Fall15/CompArch/Lab3/Final/New folder/ramControl2.vhd     ;         ;
; RAM_data.vhd                     ; yes             ; User Wizard-Generated File   ; C:/Users/slichtenheld/Documents/UF/Fall15/CompArch/Lab3/Final/Quartus/RAM_data.vhd           ;         ;
; altsyncram.tdf                   ; yes             ; Megafunction                 ; c:/altera/15.0/quartus/libraries/megafunctions/altsyncram.tdf                                ;         ;
; stratix_ram_block.inc            ; yes             ; Megafunction                 ; c:/altera/15.0/quartus/libraries/megafunctions/stratix_ram_block.inc                         ;         ;
; lpm_mux.inc                      ; yes             ; Megafunction                 ; c:/altera/15.0/quartus/libraries/megafunctions/lpm_mux.inc                                   ;         ;
; lpm_decode.inc                   ; yes             ; Megafunction                 ; c:/altera/15.0/quartus/libraries/megafunctions/lpm_decode.inc                                ;         ;
; aglobal150.inc                   ; yes             ; Megafunction                 ; c:/altera/15.0/quartus/libraries/megafunctions/aglobal150.inc                                ;         ;
; a_rdenreg.inc                    ; yes             ; Megafunction                 ; c:/altera/15.0/quartus/libraries/megafunctions/a_rdenreg.inc                                 ;         ;
; altrom.inc                       ; yes             ; Megafunction                 ; c:/altera/15.0/quartus/libraries/megafunctions/altrom.inc                                    ;         ;
; altram.inc                       ; yes             ; Megafunction                 ; c:/altera/15.0/quartus/libraries/megafunctions/altram.inc                                    ;         ;
; altdpram.inc                     ; yes             ; Megafunction                 ; c:/altera/15.0/quartus/libraries/megafunctions/altdpram.inc                                  ;         ;
; db/altsyncram_j9q3.tdf           ; yes             ; Auto-Generated Megafunction  ; C:/Users/slichtenheld/Documents/UF/Fall15/CompArch/Lab3/Final/Quartus/db/altsyncram_j9q3.tdf ;         ;
+----------------------------------+-----------------+------------------------------+----------------------------------------------------------------------------------------------+---------+


+---------------------------------------------+
; Analysis & Synthesis Resource Usage Summary ;
+--------------------------+------------------+
; Resource                 ; Usage            ;
+--------------------------+------------------+
; I/O pins                 ; 78               ;
; Total memory bits        ; 8192             ;
;                          ;                  ;
; DSP block 9-bit elements ; 0                ;
;                          ;                  ;
; Maximum fan-out node     ; address[1]~input ;
; Maximum fan-out          ; 86               ;
; Total fan-out            ; 996              ;
; Average fan-out          ; 2.77             ;
+--------------------------+------------------+


+-------------------------------------------------------------------------------------------------------------------------------------------------------------------------------------------------------------------------------------------------------------------------------------+
; Analysis & Synthesis Resource Utilization by Entity                                                                                                                                                                                                                                 ;
+-------------------------------------------+-------------------+--------------+-------------+--------------+---------+-----------+-----------+------+--------------+--------------------------------------------------------------------------------------------------+--------------+
; Compilation Hierarchy Node                ; LC Combinationals ; LC Registers ; Memory Bits ; DSP Elements ; DSP 9x9 ; DSP 18x18 ; DSP 36x36 ; Pins ; Virtual Pins ; Full Hierarchy Name                                                                              ; Library Name ;
+-------------------------------------------+-------------------+--------------+-------------+--------------+---------+-----------+-----------+------+--------------+--------------------------------------------------------------------------------------------------+--------------+
; |ramControl2                              ; 171 (107)         ; 0 (0)        ; 8192        ; 0            ; 0       ; 0         ; 0         ; 78   ; 0            ; |ramControl2                                                                                     ; work         ;
;    |RAM_data:U_Ram0_data|                 ; 0 (0)             ; 0 (0)        ; 2048        ; 0            ; 0       ; 0         ; 0         ; 0    ; 0            ; |ramControl2|RAM_data:U_Ram0_data                                                                ; work         ;
;       |altsyncram:altsyncram_component|   ; 0 (0)             ; 0 (0)        ; 2048        ; 0            ; 0       ; 0         ; 0         ; 0    ; 0            ; |ramControl2|RAM_data:U_Ram0_data|altsyncram:altsyncram_component                                ; work         ;
;          |altsyncram_j9q3:auto_generated| ; 0 (0)             ; 0 (0)        ; 2048        ; 0            ; 0       ; 0         ; 0         ; 0    ; 0            ; |ramControl2|RAM_data:U_Ram0_data|altsyncram:altsyncram_component|altsyncram_j9q3:auto_generated ; work         ;
;    |RAM_data:U_Ram1_data|                 ; 0 (0)             ; 0 (0)        ; 2048        ; 0            ; 0       ; 0         ; 0         ; 0    ; 0            ; |ramControl2|RAM_data:U_Ram1_data                                                                ; work         ;
;       |altsyncram:altsyncram_component|   ; 0 (0)             ; 0 (0)        ; 2048        ; 0            ; 0       ; 0         ; 0         ; 0    ; 0            ; |ramControl2|RAM_data:U_Ram1_data|altsyncram:altsyncram_component                                ; work         ;
;          |altsyncram_j9q3:auto_generated| ; 0 (0)             ; 0 (0)        ; 2048        ; 0            ; 0       ; 0         ; 0         ; 0    ; 0            ; |ramControl2|RAM_data:U_Ram1_data|altsyncram:altsyncram_component|altsyncram_j9q3:auto_generated ; work         ;
;    |RAM_data:U_Ram2_data|                 ; 0 (0)             ; 0 (0)        ; 2048        ; 0            ; 0       ; 0         ; 0         ; 0    ; 0            ; |ramControl2|RAM_data:U_Ram2_data                                                                ; work         ;
;       |altsyncram:altsyncram_component|   ; 0 (0)             ; 0 (0)        ; 2048        ; 0            ; 0       ; 0         ; 0         ; 0    ; 0            ; |ramControl2|RAM_data:U_Ram2_data|altsyncram:altsyncram_component                                ; work         ;
;          |altsyncram_j9q3:auto_generated| ; 0 (0)             ; 0 (0)        ; 2048        ; 0            ; 0       ; 0         ; 0         ; 0    ; 0            ; |ramControl2|RAM_data:U_Ram2_data|altsyncram:altsyncram_component|altsyncram_j9q3:auto_generated ; work         ;
;    |RAM_data:U_Ram3_data|                 ; 0 (0)             ; 0 (0)        ; 2048        ; 0            ; 0       ; 0         ; 0         ; 0    ; 0            ; |ramControl2|RAM_data:U_Ram3_data                                                                ; work         ;
;       |altsyncram:altsyncram_component|   ; 0 (0)             ; 0 (0)        ; 2048        ; 0            ; 0       ; 0         ; 0         ; 0    ; 0            ; |ramControl2|RAM_data:U_Ram3_data|altsyncram:altsyncram_component                                ; work         ;
;          |altsyncram_j9q3:auto_generated| ; 0 (0)             ; 0 (0)        ; 2048        ; 0            ; 0       ; 0         ; 0         ; 0    ; 0            ; |ramControl2|RAM_data:U_Ram3_data|altsyncram:altsyncram_component|altsyncram_j9q3:auto_generated ; work         ;
;    |mux4_1:U_mux4_1_IN|                   ; 64 (64)           ; 0 (0)        ; 0           ; 0            ; 0       ; 0         ; 0         ; 0    ; 0            ; |ramControl2|mux4_1:U_mux4_1_IN                                                                  ; work         ;
+-------------------------------------------+-------------------+--------------+-------------+--------------+---------+-----------+-----------+------+--------------+--------------------------------------------------------------------------------------------------+--------------+
Note: For table entries with two numbers listed, the numbers in parentheses indicate the number of resources of the given type used by the specific entity alone. The numbers listed outside of parentheses indicate the total resources of the given type used by the specific entity and all of its sub-entities in the hierarchy.


+----------------------------------------------------------------------------------------------------------------------------------------------------------------------------------------------------+
; Analysis & Synthesis RAM Summary                                                                                                                                                                   ;
+------------------------------------------------------------------------------------------------+------+------------------+--------------+--------------+--------------+--------------+------+------+
; Name                                                                                           ; Type ; Mode             ; Port A Depth ; Port A Width ; Port B Depth ; Port B Width ; Size ; MIF  ;
+------------------------------------------------------------------------------------------------+------+------------------+--------------+--------------+--------------+--------------+------+------+
; RAM_data:U_Ram0_data|altsyncram:altsyncram_component|altsyncram_j9q3:auto_generated|ALTSYNCRAM ; AUTO ; Simple Dual Port ; 256          ; 8            ; 256          ; 8            ; 2048 ; None ;
; RAM_data:U_Ram1_data|altsyncram:altsyncram_component|altsyncram_j9q3:auto_generated|ALTSYNCRAM ; AUTO ; Simple Dual Port ; 256          ; 8            ; 256          ; 8            ; 2048 ; None ;
; RAM_data:U_Ram2_data|altsyncram:altsyncram_component|altsyncram_j9q3:auto_generated|ALTSYNCRAM ; AUTO ; Simple Dual Port ; 256          ; 8            ; 256          ; 8            ; 2048 ; None ;
; RAM_data:U_Ram3_data|altsyncram:altsyncram_component|altsyncram_j9q3:auto_generated|ALTSYNCRAM ; AUTO ; Simple Dual Port ; 256          ; 8            ; 256          ; 8            ; 2048 ; None ;
+------------------------------------------------------------------------------------------------+------+------------------+--------------+--------------+--------------+--------------+------+------+


+---------------------------------------------------------------------------------------------------------------------+
; Analysis & Synthesis IP Cores Summary                                                                               ;
+--------+--------------+---------+--------------+--------------+-----------------------------------+-----------------+
; Vendor ; IP Core Name ; Version ; Release Date ; License Type ; Entity Instance                   ; IP Include File ;
+--------+--------------+---------+--------------+--------------+-----------------------------------+-----------------+
; Altera ; RAM: 2-PORT  ; 15.0    ; N/A          ; N/A          ; |ramControl2|RAM_data:U_Ram0_data ; RAM_data.vhd    ;
; Altera ; RAM: 2-PORT  ; 15.0    ; N/A          ; N/A          ; |ramControl2|RAM_data:U_Ram1_data ; RAM_data.vhd    ;
; Altera ; RAM: 2-PORT  ; 15.0    ; N/A          ; N/A          ; |ramControl2|RAM_data:U_Ram2_data ; RAM_data.vhd    ;
; Altera ; RAM: 2-PORT  ; 15.0    ; N/A          ; N/A          ; |ramControl2|RAM_data:U_Ram3_data ; RAM_data.vhd    ;
+--------+--------------+---------+--------------+--------------+-----------------------------------+-----------------+


+-----------------------------------------------------------------------------------------------------------------------+
; Registers Removed During Synthesis                                                                                    ;
+--------------------------------------------------------------------------------------------------+--------------------+
; Register name                                                                                    ; Reason for Removal ;
+--------------------------------------------------------------------------------------------------+--------------------+
; RAM_data:U_Ram0_data|altsyncram:altsyncram_component|altsyncram_j9q3:auto_generated|rden_b_store ; Lost fanout        ;
; RAM_data:U_Ram1_data|altsyncram:altsyncram_component|altsyncram_j9q3:auto_generated|rden_b_store ; Lost fanout        ;
; RAM_data:U_Ram2_data|altsyncram:altsyncram_component|altsyncram_j9q3:auto_generated|rden_b_store ; Lost fanout        ;
; RAM_data:U_Ram3_data|altsyncram:altsyncram_component|altsyncram_j9q3:auto_generated|rden_b_store ; Lost fanout        ;
; Total Number of Removed Registers = 4                                                            ;                    ;
+--------------------------------------------------------------------------------------------------+--------------------+


+------------------------------------------------------+
; General Register Statistics                          ;
+----------------------------------------------+-------+
; Statistic                                    ; Value ;
+----------------------------------------------+-------+
; Total registers                              ; 0     ;
; Number of registers using Synchronous Clear  ; 0     ;
; Number of registers using Synchronous Load   ; 0     ;
; Number of registers using Asynchronous Clear ; 0     ;
; Number of registers using Asynchronous Load  ; 0     ;
; Number of registers using Clock Enable       ; 0     ;
; Number of registers using Preset             ; 0     ;
+----------------------------------------------+-------+


+------------------------------------------------------------------------------------------------------------------------------------------+
; Multiplexer Restructuring Statistics (Restructuring Performed)                                                                           ;
+--------------------+-----------+---------------+----------------------+------------------------+------------+----------------------------+
; Multiplexer Inputs ; Bus Width ; Baseline Area ; Area if Restructured ; Saving if Restructured ; Registered ; Example Multiplexer Output ;
+--------------------+-----------+---------------+----------------------+------------------------+------------+----------------------------+
; 3:1                ; 16 bits   ; 32 LEs        ; 32 LEs               ; 0 LEs                  ; No         ; |ramControl2|data_OUT      ;
; 3:1                ; 8 bits    ; 16 LEs        ; 8 LEs                ; 8 LEs                  ; No         ; |ramControl2|addr1[0]      ;
; 3:1                ; 8 bits    ; 16 LEs        ; 8 LEs                ; 8 LEs                  ; No         ; |ramControl2|addr2[3]      ;
; 3:1                ; 8 bits    ; 16 LEs        ; 8 LEs                ; 8 LEs                  ; No         ; |ramControl2|addr0[6]      ;
+--------------------+-----------+---------------+----------------------+------------------------+------------+----------------------------+


+------------------------------------------------------------------------------------------------------------+
; Source assignments for RAM_data:U_Ram3_data|altsyncram:altsyncram_component|altsyncram_j9q3:auto_generated ;
+---------------------------------+--------------------+------+----------------------------------------------+
; Assignment                      ; Value              ; From ; To                                           ;
+---------------------------------+--------------------+------+----------------------------------------------+
; OPTIMIZE_POWER_DURING_SYNTHESIS ; NORMAL_COMPILATION ; -    ; -                                            ;
+---------------------------------+--------------------+------+----------------------------------------------+


+------------------------------------------------------------------------------------------------------------+
; Source assignments for RAM_data:U_Ram2_data|altsyncram:altsyncram_component|altsyncram_j9q3:auto_generated ;
+---------------------------------+--------------------+------+----------------------------------------------+
; Assignment                      ; Value              ; From ; To                                           ;
+---------------------------------+--------------------+------+----------------------------------------------+
; OPTIMIZE_POWER_DURING_SYNTHESIS ; NORMAL_COMPILATION ; -    ; -                                            ;
+---------------------------------+--------------------+------+----------------------------------------------+


+------------------------------------------------------------------------------------------------------------+
; Source assignments for RAM_data:U_Ram1_data|altsyncram:altsyncram_component|altsyncram_j9q3:auto_generated ;
+---------------------------------+--------------------+------+----------------------------------------------+
; Assignment                      ; Value              ; From ; To                                           ;
+---------------------------------+--------------------+------+----------------------------------------------+
; OPTIMIZE_POWER_DURING_SYNTHESIS ; NORMAL_COMPILATION ; -    ; -                                            ;
+---------------------------------+--------------------+------+----------------------------------------------+


+------------------------------------------------------------------------------------------------------------+
; Source assignments for RAM_data:U_Ram0_data|altsyncram:altsyncram_component|altsyncram_j9q3:auto_generated ;
+---------------------------------+--------------------+------+----------------------------------------------+
; Assignment                      ; Value              ; From ; To                                           ;
+---------------------------------+--------------------+------+----------------------------------------------+
; OPTIMIZE_POWER_DURING_SYNTHESIS ; NORMAL_COMPILATION ; -    ; -                                            ;
+---------------------------------+--------------------+------+----------------------------------------------+


+-----------------------------------------------------------------+
; Parameter Settings for User Entity Instance: mux4_1:U_mux4_1_IN ;
+----------------+-------+----------------------------------------+
; Parameter Name ; Value ; Type                                   ;
+----------------+-------+----------------------------------------+
; width          ; 32    ; Signed Integer                         ;
+----------------+-------+----------------------------------------+
Note: In order to hide this table in the UI and the text report file, please set the "Show Parameter Settings in Synthesis Report" option in "Analysis and Synthesis Settings -> More Settings" to "Off".


+---------------------------------------------------------------------------------------------------+
; Parameter Settings for User Entity Instance: RAM_data:U_Ram3_data|altsyncram:altsyncram_component ;
+------------------------------------+----------------------+---------------------------------------+
; Parameter Name                     ; Value                ; Type                                  ;
+------------------------------------+----------------------+---------------------------------------+
; BYTE_SIZE_BLOCK                    ; 8                    ; Untyped                               ;
; AUTO_CARRY_CHAINS                  ; ON                   ; AUTO_CARRY                            ;
; IGNORE_CARRY_BUFFERS               ; OFF                  ; IGNORE_CARRY                          ;
; AUTO_CASCADE_CHAINS                ; ON                   ; AUTO_CASCADE                          ;
; IGNORE_CASCADE_BUFFERS             ; OFF                  ; IGNORE_CASCADE                        ;
; WIDTH_BYTEENA                      ; 1                    ; Untyped                               ;
; OPERATION_MODE                     ; DUAL_PORT            ; Untyped                               ;
; WIDTH_A                            ; 8                    ; Signed Integer                        ;
; WIDTHAD_A                          ; 8                    ; Signed Integer                        ;
; NUMWORDS_A                         ; 256                  ; Signed Integer                        ;
; OUTDATA_REG_A                      ; UNREGISTERED         ; Untyped                               ;
; ADDRESS_ACLR_A                     ; NONE                 ; Untyped                               ;
; OUTDATA_ACLR_A                     ; NONE                 ; Untyped                               ;
; WRCONTROL_ACLR_A                   ; NONE                 ; Untyped                               ;
; INDATA_ACLR_A                      ; NONE                 ; Untyped                               ;
; BYTEENA_ACLR_A                     ; NONE                 ; Untyped                               ;
; WIDTH_B                            ; 8                    ; Signed Integer                        ;
; WIDTHAD_B                          ; 8                    ; Signed Integer                        ;
; NUMWORDS_B                         ; 256                  ; Signed Integer                        ;
; INDATA_REG_B                       ; CLOCK1               ; Untyped                               ;
; WRCONTROL_WRADDRESS_REG_B          ; CLOCK1               ; Untyped                               ;
; RDCONTROL_REG_B                    ; CLOCK0               ; Untyped                               ;
; ADDRESS_REG_B                      ; CLOCK0               ; Untyped                               ;
; OUTDATA_REG_B                      ; UNREGISTERED         ; Untyped                               ;
; BYTEENA_REG_B                      ; CLOCK1               ; Untyped                               ;
; INDATA_ACLR_B                      ; NONE                 ; Untyped                               ;
; WRCONTROL_ACLR_B                   ; NONE                 ; Untyped                               ;
; ADDRESS_ACLR_B                     ; NONE                 ; Untyped                               ;
; OUTDATA_ACLR_B                     ; NONE                 ; Untyped                               ;
; RDCONTROL_ACLR_B                   ; NONE                 ; Untyped                               ;
; BYTEENA_ACLR_B                     ; NONE                 ; Untyped                               ;
; WIDTH_BYTEENA_A                    ; 1                    ; Signed Integer                        ;
; WIDTH_BYTEENA_B                    ; 1                    ; Signed Integer                        ;
; RAM_BLOCK_TYPE                     ; AUTO                 ; Untyped                               ;
; BYTE_SIZE                          ; 8                    ; Signed Integer                        ;
; READ_DURING_WRITE_MODE_MIXED_PORTS ; DONT_CARE            ; Untyped                               ;
; READ_DURING_WRITE_MODE_PORT_A      ; NEW_DATA_NO_NBE_READ ; Untyped                               ;
; READ_DURING_WRITE_MODE_PORT_B      ; NEW_DATA_NO_NBE_READ ; Untyped                               ;
; INIT_FILE                          ; UNUSED               ; Untyped                               ;
; INIT_FILE_LAYOUT                   ; PORT_A               ; Untyped                               ;
; MAXIMUM_DEPTH                      ; 0                    ; Signed Integer                        ;
; CLOCK_ENABLE_INPUT_A               ; BYPASS               ; Untyped                               ;
; CLOCK_ENABLE_INPUT_B               ; BYPASS               ; Untyped                               ;
; CLOCK_ENABLE_OUTPUT_A              ; NORMAL               ; Untyped                               ;
; CLOCK_ENABLE_OUTPUT_B              ; BYPASS               ; Untyped                               ;
; CLOCK_ENABLE_CORE_A                ; USE_INPUT_CLKEN      ; Untyped                               ;
; CLOCK_ENABLE_CORE_B                ; USE_INPUT_CLKEN      ; Untyped                               ;
; ENABLE_ECC                         ; FALSE                ; Untyped                               ;
; ECC_PIPELINE_STAGE_ENABLED         ; FALSE                ; Untyped                               ;
; WIDTH_ECCSTATUS                    ; 3                    ; Signed Integer                        ;
; DEVICE_FAMILY                      ; Cyclone IV GX        ; Untyped                               ;
; CBXI_PARAMETER                     ; altsyncram_j9q3      ; Untyped                               ;
+------------------------------------+----------------------+---------------------------------------+
Note: In order to hide this table in the UI and the text report file, please set the "Show Parameter Settings in Synthesis Report" option in "Analysis and Synthesis Settings -> More Settings" to "Off".


+---------------------------------------------------------------------------------------------------+
; Parameter Settings for User Entity Instance: RAM_data:U_Ram2_data|altsyncram:altsyncram_component ;
+------------------------------------+----------------------+---------------------------------------+
; Parameter Name                     ; Value                ; Type                                  ;
+------------------------------------+----------------------+---------------------------------------+
; BYTE_SIZE_BLOCK                    ; 8                    ; Untyped                               ;
; AUTO_CARRY_CHAINS                  ; ON                   ; AUTO_CARRY                            ;
; IGNORE_CARRY_BUFFERS               ; OFF                  ; IGNORE_CARRY                          ;
; AUTO_CASCADE_CHAINS                ; ON                   ; AUTO_CASCADE                          ;
; IGNORE_CASCADE_BUFFERS             ; OFF                  ; IGNORE_CASCADE                        ;
; WIDTH_BYTEENA                      ; 1                    ; Untyped                               ;
; OPERATION_MODE                     ; DUAL_PORT            ; Untyped                               ;
; WIDTH_A                            ; 8                    ; Signed Integer                        ;
; WIDTHAD_A                          ; 8                    ; Signed Integer                        ;
; NUMWORDS_A                         ; 256                  ; Signed Integer                        ;
; OUTDATA_REG_A                      ; UNREGISTERED         ; Untyped                               ;
; ADDRESS_ACLR_A                     ; NONE                 ; Untyped                               ;
; OUTDATA_ACLR_A                     ; NONE                 ; Untyped                               ;
; WRCONTROL_ACLR_A                   ; NONE                 ; Untyped                               ;
; INDATA_ACLR_A                      ; NONE                 ; Untyped                               ;
; BYTEENA_ACLR_A                     ; NONE                 ; Untyped                               ;
; WIDTH_B                            ; 8                    ; Signed Integer                        ;
; WIDTHAD_B                          ; 8                    ; Signed Integer                        ;
; NUMWORDS_B                         ; 256                  ; Signed Integer                        ;
; INDATA_REG_B                       ; CLOCK1               ; Untyped                               ;
; WRCONTROL_WRADDRESS_REG_B          ; CLOCK1               ; Untyped                               ;
; RDCONTROL_REG_B                    ; CLOCK0               ; Untyped                               ;
; ADDRESS_REG_B                      ; CLOCK0               ; Untyped                               ;
; OUTDATA_REG_B                      ; UNREGISTERED         ; Untyped                               ;
; BYTEENA_REG_B                      ; CLOCK1               ; Untyped                               ;
; INDATA_ACLR_B                      ; NONE                 ; Untyped                               ;
; WRCONTROL_ACLR_B                   ; NONE                 ; Untyped                               ;
; ADDRESS_ACLR_B                     ; NONE                 ; Untyped                               ;
; OUTDATA_ACLR_B                     ; NONE                 ; Untyped                               ;
; RDCONTROL_ACLR_B                   ; NONE                 ; Untyped                               ;
; BYTEENA_ACLR_B                     ; NONE                 ; Untyped                               ;
; WIDTH_BYTEENA_A                    ; 1                    ; Signed Integer                        ;
; WIDTH_BYTEENA_B                    ; 1                    ; Signed Integer                        ;
; RAM_BLOCK_TYPE                     ; AUTO                 ; Untyped                               ;
; BYTE_SIZE                          ; 8                    ; Signed Integer                        ;
; READ_DURING_WRITE_MODE_MIXED_PORTS ; DONT_CARE            ; Untyped                               ;
; READ_DURING_WRITE_MODE_PORT_A      ; NEW_DATA_NO_NBE_READ ; Untyped                               ;
; READ_DURING_WRITE_MODE_PORT_B      ; NEW_DATA_NO_NBE_READ ; Untyped                               ;
; INIT_FILE                          ; UNUSED               ; Untyped                               ;
; INIT_FILE_LAYOUT                   ; PORT_A               ; Untyped                               ;
; MAXIMUM_DEPTH                      ; 0                    ; Signed Integer                        ;
; CLOCK_ENABLE_INPUT_A               ; BYPASS               ; Untyped                               ;
; CLOCK_ENABLE_INPUT_B               ; BYPASS               ; Untyped                               ;
; CLOCK_ENABLE_OUTPUT_A              ; NORMAL               ; Untyped                               ;
; CLOCK_ENABLE_OUTPUT_B              ; BYPASS               ; Untyped                               ;
; CLOCK_ENABLE_CORE_A                ; USE_INPUT_CLKEN      ; Untyped                               ;
; CLOCK_ENABLE_CORE_B                ; USE_INPUT_CLKEN      ; Untyped                               ;
; ENABLE_ECC                         ; FALSE                ; Untyped                               ;
; ECC_PIPELINE_STAGE_ENABLED         ; FALSE                ; Untyped                               ;
; WIDTH_ECCSTATUS                    ; 3                    ; Signed Integer                        ;
; DEVICE_FAMILY                      ; Cyclone IV GX        ; Untyped                               ;
; CBXI_PARAMETER                     ; altsyncram_j9q3      ; Untyped                               ;
+------------------------------------+----------------------+---------------------------------------+
Note: In order to hide this table in the UI and the text report file, please set the "Show Parameter Settings in Synthesis Report" option in "Analysis and Synthesis Settings -> More Settings" to "Off".


+---------------------------------------------------------------------------------------------------+
; Parameter Settings for User Entity Instance: RAM_data:U_Ram1_data|altsyncram:altsyncram_component ;
+------------------------------------+----------------------+---------------------------------------+
; Parameter Name                     ; Value                ; Type                                  ;
+------------------------------------+----------------------+---------------------------------------+
; BYTE_SIZE_BLOCK                    ; 8                    ; Untyped                               ;
; AUTO_CARRY_CHAINS                  ; ON                   ; AUTO_CARRY                            ;
; IGNORE_CARRY_BUFFERS               ; OFF                  ; IGNORE_CARRY                          ;
; AUTO_CASCADE_CHAINS                ; ON                   ; AUTO_CASCADE                          ;
; IGNORE_CASCADE_BUFFERS             ; OFF                  ; IGNORE_CASCADE                        ;
; WIDTH_BYTEENA                      ; 1                    ; Untyped                               ;
; OPERATION_MODE                     ; DUAL_PORT            ; Untyped                               ;
; WIDTH_A                            ; 8                    ; Signed Integer                        ;
; WIDTHAD_A                          ; 8                    ; Signed Integer                        ;
; NUMWORDS_A                         ; 256                  ; Signed Integer                        ;
; OUTDATA_REG_A                      ; UNREGISTERED         ; Untyped                               ;
; ADDRESS_ACLR_A                     ; NONE                 ; Untyped                               ;
; OUTDATA_ACLR_A                     ; NONE                 ; Untyped                               ;
; WRCONTROL_ACLR_A                   ; NONE                 ; Untyped                               ;
; INDATA_ACLR_A                      ; NONE                 ; Untyped                               ;
; BYTEENA_ACLR_A                     ; NONE                 ; Untyped                               ;
; WIDTH_B                            ; 8                    ; Signed Integer                        ;
; WIDTHAD_B                          ; 8                    ; Signed Integer                        ;
; NUMWORDS_B                         ; 256                  ; Signed Integer                        ;
; INDATA_REG_B                       ; CLOCK1               ; Untyped                               ;
; WRCONTROL_WRADDRESS_REG_B          ; CLOCK1               ; Untyped                               ;
; RDCONTROL_REG_B                    ; CLOCK0               ; Untyped                               ;
; ADDRESS_REG_B                      ; CLOCK0               ; Untyped                               ;
; OUTDATA_REG_B                      ; UNREGISTERED         ; Untyped                               ;
; BYTEENA_REG_B                      ; CLOCK1               ; Untyped                               ;
; INDATA_ACLR_B                      ; NONE                 ; Untyped                               ;
; WRCONTROL_ACLR_B                   ; NONE                 ; Untyped                               ;
; ADDRESS_ACLR_B                     ; NONE                 ; Untyped                               ;
; OUTDATA_ACLR_B                     ; NONE                 ; Untyped                               ;
; RDCONTROL_ACLR_B                   ; NONE                 ; Untyped                               ;
; BYTEENA_ACLR_B                     ; NONE                 ; Untyped                               ;
; WIDTH_BYTEENA_A                    ; 1                    ; Signed Integer                        ;
; WIDTH_BYTEENA_B                    ; 1                    ; Signed Integer                        ;
; RAM_BLOCK_TYPE                     ; AUTO                 ; Untyped                               ;
; BYTE_SIZE                          ; 8                    ; Signed Integer                        ;
; READ_DURING_WRITE_MODE_MIXED_PORTS ; DONT_CARE            ; Untyped                               ;
; READ_DURING_WRITE_MODE_PORT_A      ; NEW_DATA_NO_NBE_READ ; Untyped                               ;
; READ_DURING_WRITE_MODE_PORT_B      ; NEW_DATA_NO_NBE_READ ; Untyped                               ;
; INIT_FILE                          ; UNUSED               ; Untyped                               ;
; INIT_FILE_LAYOUT                   ; PORT_A               ; Untyped                               ;
; MAXIMUM_DEPTH                      ; 0                    ; Signed Integer                        ;
; CLOCK_ENABLE_INPUT_A               ; BYPASS               ; Untyped                               ;
; CLOCK_ENABLE_INPUT_B               ; BYPASS               ; Untyped                               ;
; CLOCK_ENABLE_OUTPUT_A              ; NORMAL               ; Untyped                               ;
; CLOCK_ENABLE_OUTPUT_B              ; BYPASS               ; Untyped                               ;
; CLOCK_ENABLE_CORE_A                ; USE_INPUT_CLKEN      ; Untyped                               ;
; CLOCK_ENABLE_CORE_B                ; USE_INPUT_CLKEN      ; Untyped                               ;
; ENABLE_ECC                         ; FALSE                ; Untyped                               ;
; ECC_PIPELINE_STAGE_ENABLED         ; FALSE                ; Untyped                               ;
; WIDTH_ECCSTATUS                    ; 3                    ; Signed Integer                        ;
; DEVICE_FAMILY                      ; Cyclone IV GX        ; Untyped                               ;
; CBXI_PARAMETER                     ; altsyncram_j9q3      ; Untyped                               ;
+------------------------------------+----------------------+---------------------------------------+
Note: In order to hide this table in the UI and the text report file, please set the "Show Parameter Settings in Synthesis Report" option in "Analysis and Synthesis Settings -> More Settings" to "Off".


+---------------------------------------------------------------------------------------------------+
; Parameter Settings for User Entity Instance: RAM_data:U_Ram0_data|altsyncram:altsyncram_component ;
+------------------------------------+----------------------+---------------------------------------+
; Parameter Name                     ; Value                ; Type                                  ;
+------------------------------------+----------------------+---------------------------------------+
; BYTE_SIZE_BLOCK                    ; 8                    ; Untyped                               ;
; AUTO_CARRY_CHAINS                  ; ON                   ; AUTO_CARRY                            ;
; IGNORE_CARRY_BUFFERS               ; OFF                  ; IGNORE_CARRY                          ;
; AUTO_CASCADE_CHAINS                ; ON                   ; AUTO_CASCADE                          ;
; IGNORE_CASCADE_BUFFERS             ; OFF                  ; IGNORE_CASCADE                        ;
; WIDTH_BYTEENA                      ; 1                    ; Untyped                               ;
; OPERATION_MODE                     ; DUAL_PORT            ; Untyped                               ;
; WIDTH_A                            ; 8                    ; Signed Integer                        ;
; WIDTHAD_A                          ; 8                    ; Signed Integer                        ;
; NUMWORDS_A                         ; 256                  ; Signed Integer                        ;
; OUTDATA_REG_A                      ; UNREGISTERED         ; Untyped                               ;
; ADDRESS_ACLR_A                     ; NONE                 ; Untyped                               ;
; OUTDATA_ACLR_A                     ; NONE                 ; Untyped                               ;
; WRCONTROL_ACLR_A                   ; NONE                 ; Untyped                               ;
; INDATA_ACLR_A                      ; NONE                 ; Untyped                               ;
; BYTEENA_ACLR_A                     ; NONE                 ; Untyped                               ;
; WIDTH_B                            ; 8                    ; Signed Integer                        ;
; WIDTHAD_B                          ; 8                    ; Signed Integer                        ;
; NUMWORDS_B                         ; 256                  ; Signed Integer                        ;
; INDATA_REG_B                       ; CLOCK1               ; Untyped                               ;
; WRCONTROL_WRADDRESS_REG_B          ; CLOCK1               ; Untyped                               ;
; RDCONTROL_REG_B                    ; CLOCK0               ; Untyped                               ;
; ADDRESS_REG_B                      ; CLOCK0               ; Untyped                               ;
; OUTDATA_REG_B                      ; UNREGISTERED         ; Untyped                               ;
; BYTEENA_REG_B                      ; CLOCK1               ; Untyped                               ;
; INDATA_ACLR_B                      ; NONE                 ; Untyped                               ;
; WRCONTROL_ACLR_B                   ; NONE                 ; Untyped                               ;
; ADDRESS_ACLR_B                     ; NONE                 ; Untyped                               ;
; OUTDATA_ACLR_B                     ; NONE                 ; Untyped                               ;
; RDCONTROL_ACLR_B                   ; NONE                 ; Untyped                               ;
; BYTEENA_ACLR_B                     ; NONE                 ; Untyped                               ;
; WIDTH_BYTEENA_A                    ; 1                    ; Signed Integer                        ;
; WIDTH_BYTEENA_B                    ; 1                    ; Signed Integer                        ;
; RAM_BLOCK_TYPE                     ; AUTO                 ; Untyped                               ;
; BYTE_SIZE                          ; 8                    ; Signed Integer                        ;
; READ_DURING_WRITE_MODE_MIXED_PORTS ; DONT_CARE            ; Untyped                               ;
; READ_DURING_WRITE_MODE_PORT_A      ; NEW_DATA_NO_NBE_READ ; Untyped                               ;
; READ_DURING_WRITE_MODE_PORT_B      ; NEW_DATA_NO_NBE_READ ; Untyped                               ;
; INIT_FILE                          ; UNUSED               ; Untyped                               ;
; INIT_FILE_LAYOUT                   ; PORT_A               ; Untyped                               ;
; MAXIMUM_DEPTH                      ; 0                    ; Signed Integer                        ;
; CLOCK_ENABLE_INPUT_A               ; BYPASS               ; Untyped                               ;
; CLOCK_ENABLE_INPUT_B               ; BYPASS               ; Untyped                               ;
; CLOCK_ENABLE_OUTPUT_A              ; NORMAL               ; Untyped                               ;
; CLOCK_ENABLE_OUTPUT_B              ; BYPASS               ; Untyped                               ;
; CLOCK_ENABLE_CORE_A                ; USE_INPUT_CLKEN      ; Untyped                               ;
; CLOCK_ENABLE_CORE_B                ; USE_INPUT_CLKEN      ; Untyped                               ;
; ENABLE_ECC                         ; FALSE                ; Untyped                               ;
; ECC_PIPELINE_STAGE_ENABLED         ; FALSE                ; Untyped                               ;
; WIDTH_ECCSTATUS                    ; 3                    ; Signed Integer                        ;
; DEVICE_FAMILY                      ; Cyclone IV GX        ; Untyped                               ;
; CBXI_PARAMETER                     ; altsyncram_j9q3      ; Untyped                               ;
+------------------------------------+----------------------+---------------------------------------+
Note: In order to hide this table in the UI and the text report file, please set the "Show Parameter Settings in Synthesis Report" option in "Analysis and Synthesis Settings -> More Settings" to "Off".


+------------------------------------------------------------------+
; Parameter Settings for User Entity Instance: mux4_1:U_mux4_1_OUT ;
+----------------+-------+-----------------------------------------+
; Parameter Name ; Value ; Type                                    ;
+----------------+-------+-----------------------------------------+
; width          ; 32    ; Signed Integer                          ;
+----------------+-------+-----------------------------------------+
Note: In order to hide this table in the UI and the text report file, please set the "Show Parameter Settings in Synthesis Report" option in "Analysis and Synthesis Settings -> More Settings" to "Off".


+--------------------------------------------------------------------------------------------------+
; altsyncram Parameter Settings by Entity Instance                                                 ;
+-------------------------------------------+------------------------------------------------------+
; Name                                      ; Value                                                ;
+-------------------------------------------+------------------------------------------------------+
; Number of entity instances                ; 4                                                    ;
; Entity Instance                           ; RAM_data:U_Ram3_data|altsyncram:altsyncram_component ;
;     -- OPERATION_MODE                     ; DUAL_PORT                                            ;
;     -- WIDTH_A                            ; 8                                                    ;
;     -- NUMWORDS_A                         ; 256                                                  ;
;     -- OUTDATA_REG_A                      ; UNREGISTERED                                         ;
;     -- WIDTH_B                            ; 8                                                    ;
;     -- NUMWORDS_B                         ; 256                                                  ;
;     -- ADDRESS_REG_B                      ; CLOCK0                                               ;
;     -- OUTDATA_REG_B                      ; UNREGISTERED                                         ;
;     -- RAM_BLOCK_TYPE                     ; AUTO                                                 ;
;     -- READ_DURING_WRITE_MODE_MIXED_PORTS ; DONT_CARE                                            ;
; Entity Instance                           ; RAM_data:U_Ram2_data|altsyncram:altsyncram_component ;
;     -- OPERATION_MODE                     ; DUAL_PORT                                            ;
;     -- WIDTH_A                            ; 8                                                    ;
;     -- NUMWORDS_A                         ; 256                                                  ;
;     -- OUTDATA_REG_A                      ; UNREGISTERED                                         ;
;     -- WIDTH_B                            ; 8                                                    ;
;     -- NUMWORDS_B                         ; 256                                                  ;
;     -- ADDRESS_REG_B                      ; CLOCK0                                               ;
;     -- OUTDATA_REG_B                      ; UNREGISTERED                                         ;
;     -- RAM_BLOCK_TYPE                     ; AUTO                                                 ;
;     -- READ_DURING_WRITE_MODE_MIXED_PORTS ; DONT_CARE                                            ;
; Entity Instance                           ; RAM_data:U_Ram1_data|altsyncram:altsyncram_component ;
;     -- OPERATION_MODE                     ; DUAL_PORT                                            ;
;     -- WIDTH_A                            ; 8                                                    ;
;     -- NUMWORDS_A                         ; 256                                                  ;
;     -- OUTDATA_REG_A                      ; UNREGISTERED                                         ;
;     -- WIDTH_B                            ; 8                                                    ;
;     -- NUMWORDS_B                         ; 256                                                  ;
;     -- ADDRESS_REG_B                      ; CLOCK0                                               ;
;     -- OUTDATA_REG_B                      ; UNREGISTERED                                         ;
;     -- RAM_BLOCK_TYPE                     ; AUTO                                                 ;
;     -- READ_DURING_WRITE_MODE_MIXED_PORTS ; DONT_CARE                                            ;
; Entity Instance                           ; RAM_data:U_Ram0_data|altsyncram:altsyncram_component ;
;     -- OPERATION_MODE                     ; DUAL_PORT                                            ;
;     -- WIDTH_A                            ; 8                                                    ;
;     -- NUMWORDS_A                         ; 256                                                  ;
;     -- OUTDATA_REG_A                      ; UNREGISTERED                                         ;
;     -- WIDTH_B                            ; 8                                                    ;
;     -- NUMWORDS_B                         ; 256                                                  ;
;     -- ADDRESS_REG_B                      ; CLOCK0                                               ;
;     -- OUTDATA_REG_B                      ; UNREGISTERED                                         ;
;     -- RAM_BLOCK_TYPE                     ; AUTO                                                 ;
;     -- READ_DURING_WRITE_MODE_MIXED_PORTS ; DONT_CARE                                            ;
+-------------------------------------------+------------------------------------------------------+


+--------------------------------------------------+
; Port Connectivity Checks: "RAM_data:U_Ram0_data" ;
+-----------+-------+----------+-------------------+
; Port      ; Type  ; Severity ; Details           ;
+-----------+-------+----------+-------------------+
; byteena_a ; Input ; Info     ; Stuck at VCC      ;
; rden      ; Input ; Info     ; Stuck at VCC      ;
+-----------+-------+----------+-------------------+


+--------------------------------------------------+
; Port Connectivity Checks: "RAM_data:U_Ram1_data" ;
+-----------+-------+----------+-------------------+
; Port      ; Type  ; Severity ; Details           ;
+-----------+-------+----------+-------------------+
; byteena_a ; Input ; Info     ; Stuck at VCC      ;
; rden      ; Input ; Info     ; Stuck at VCC      ;
+-----------+-------+----------+-------------------+


+--------------------------------------------------+
; Port Connectivity Checks: "RAM_data:U_Ram2_data" ;
+-----------+-------+----------+-------------------+
; Port      ; Type  ; Severity ; Details           ;
+-----------+-------+----------+-------------------+
; byteena_a ; Input ; Info     ; Stuck at VCC      ;
; rden      ; Input ; Info     ; Stuck at VCC      ;
+-----------+-------+----------+-------------------+


+--------------------------------------------------+
; Port Connectivity Checks: "RAM_data:U_Ram3_data" ;
+-----------+-------+----------+-------------------+
; Port      ; Type  ; Severity ; Details           ;
+-----------+-------+----------+-------------------+
; byteena_a ; Input ; Info     ; Stuck at VCC      ;
; rden      ; Input ; Info     ; Stuck at VCC      ;
+-----------+-------+----------+-------------------+


+-----------------------------------------------------+
; Post-Synthesis Netlist Statistics for Top Partition ;
+-----------------------+-----------------------------+
; Type                  ; Count                       ;
+-----------------------+-----------------------------+
; boundary_port         ; 78                          ;
; cycloneiii_lcell_comb ; 171                         ;
;     arith             ; 14                          ;
;         2 data inputs ; 13                          ;
;         3 data inputs ; 1                           ;
;     normal            ; 157                         ;
;         1 data inputs ; 2                           ;
;         2 data inputs ; 6                           ;
;         3 data inputs ; 105                         ;
;         4 data inputs ; 44                          ;
; cycloneiii_ram_block  ; 32                          ;
;                       ;                             ;
; Max LUT depth         ; 2.70                        ;
; Average LUT depth     ; 2.09                        ;
+-----------------------+-----------------------------+


+-------------------------------+
; Elapsed Time Per Partition    ;
+----------------+--------------+
; Partition Name ; Elapsed Time ;
+----------------+--------------+
; Top            ; 00:00:02     ;
+----------------+--------------+


+-------------------------------+
; Analysis & Synthesis Messages ;
+-------------------------------+
Info: *******************************************************************
Info: Running Quartus II 64-Bit Analysis & Synthesis
    Info: Version 15.0.0 Build 145 04/22/2015 SJ Web Edition
    Info: Processing started: Mon Nov 30 13:10:03 2015
Info: Command: quartus_map --read_settings_files=on --write_settings_files=off lab3_2 -c lab3_2
Info (11104): Parallel Compilation has detected 4 hyper-threaded processors. However, the extra hyper-threaded processors will not be used by default. Parallel Compilation will use 2 of the 2 physical processors detected instead.
Info (12021): Found 2 design units, including 1 entities, in source file /users/slichtenheld/documents/uf/fall15/comparch/lab3/final/mux4_1.vhd
    Info (12022): Found design unit 1: mux4_1-BHV
    Info (12023): Found entity 1: mux4_1
Info (12021): Found 1 design units, including 0 entities, in source file /users/slichtenheld/documents/uf/fall15/comparch/lab3/final/mipslib.vhd
    Info (12022): Found design unit 1: mipsLib
Info (12021): Found 2 design units, including 1 entities, in source file /users/slichtenheld/documents/uf/fall15/comparch/lab3/final/new folder/ramcontrol2.vhd
    Info (12022): Found design unit 1: ramControl2-COMBINED
    Info (12023): Found entity 1: ramControl2
Info (12021): Found 2 design units, including 1 entities, in source file ram_data.vhd
    Info (12022): Found design unit 1: ram_data-SYN
    Info (12023): Found entity 1: RAM_data
Info (12021): Found 2 design units, including 1 entities, in source file rom_instr.vhd
    Info (12022): Found design unit 1: rom_instr-SYN
    Info (12023): Found entity 1: ROM_instr
Info (12127): Elaborating entity "ramControl2" for the top level hierarchy
Info (12128): Elaborating entity "mux4_1" for hierarchy "mux4_1:U_mux4_1_IN"
Info (12128): Elaborating entity "RAM_data" for hierarchy "RAM_data:U_Ram3_data"
Info (12128): Elaborating entity "altsyncram" for hierarchy "RAM_data:U_Ram3_data|altsyncram:altsyncram_component"
Info (12130): Elaborated megafunction instantiation "RAM_data:U_Ram3_data|altsyncram:altsyncram_component"
Info (12133): Instantiated megafunction "RAM_data:U_Ram3_data|altsyncram:altsyncram_component" with the following parameter:
    Info (12134): Parameter "address_aclr_a" = "UNUSED"
    Info (12134): Parameter "address_aclr_b" = "NONE"
    Info (12134): Parameter "address_reg_b" = "CLOCK0"
    Info (12134): Parameter "byte_size" = "8"
    Info (12134): Parameter "byteena_aclr_a" = "UNUSED"
    Info (12134): Parameter "byteena_aclr_b" = "NONE"
    Info (12134): Parameter "byteena_reg_b" = "CLOCK1"
    Info (12134): Parameter "clock_enable_core_a" = "USE_INPUT_CLKEN"
    Info (12134): Parameter "clock_enable_core_b" = "USE_INPUT_CLKEN"
    Info (12134): Parameter "clock_enable_input_a" = "BYPASS"
    Info (12134): Parameter "clock_enable_input_b" = "BYPASS"
    Info (12134): Parameter "clock_enable_output_a" = "NORMAL"
    Info (12134): Parameter "clock_enable_output_b" = "BYPASS"
    Info (12134): Parameter "intended_device_family" = "Cyclone IV GX"
    Info (12134): Parameter "ecc_pipeline_stage_enabled" = "FALSE"
    Info (12134): Parameter "enable_ecc" = "FALSE"
    Info (12134): Parameter "implement_in_les" = "OFF"
    Info (12134): Parameter "indata_aclr_a" = "UNUSED"
    Info (12134): Parameter "indata_aclr_b" = "NONE"
    Info (12134): Parameter "indata_reg_b" = "CLOCK1"
    Info (12134): Parameter "init_file" = "UNUSED"
    Info (12134): Parameter "init_file_layout" = "PORT_A"
    Info (12134): Parameter "maximum_depth" = "0"
    Info (12134): Parameter "numwords_a" = "256"
    Info (12134): Parameter "numwords_b" = "256"
    Info (12134): Parameter "operation_mode" = "DUAL_PORT"
    Info (12134): Parameter "outdata_aclr_a" = "NONE"
    Info (12134): Parameter "outdata_aclr_b" = "NONE"
    Info (12134): Parameter "outdata_reg_a" = "UNREGISTERED"
    Info (12134): Parameter "outdata_reg_b" = "UNREGISTERED"
    Info (12134): Parameter "power_up_uninitialized" = "FALSE"
    Info (12134): Parameter "ram_block_type" = "AUTO"
    Info (12134): Parameter "rdcontrol_aclr_b" = "NONE"
    Info (12134): Parameter "rdcontrol_reg_b" = "CLOCK0"
    Info (12134): Parameter "read_during_write_mode_mixed_ports" = "DONT_CARE"
    Info (12134): Parameter "read_during_write_mode_port_a" = "NEW_DATA_NO_NBE_READ"
    Info (12134): Parameter "read_during_write_mode_port_b" = "NEW_DATA_NO_NBE_READ"
    Info (12134): Parameter "stratixiv_m144k_allow_dual_clocks" = "ON"
    Info (12134): Parameter "width_a" = "8"
    Info (12134): Parameter "width_b" = "8"
    Info (12134): Parameter "width_byteena_a" = "1"
    Info (12134): Parameter "width_byteena_b" = "1"
    Info (12134): Parameter "width_eccstatus" = "3"
    Info (12134): Parameter "widthad_a" = "8"
    Info (12134): Parameter "widthad_b" = "8"
    Info (12134): Parameter "wrcontrol_aclr_a" = "UNUSED"
    Info (12134): Parameter "wrcontrol_aclr_b" = "NONE"
    Info (12134): Parameter "wrcontrol_wraddress_reg_b" = "CLOCK1"
    Info (12134): Parameter "lpm_hint" = "UNUSED"
    Info (12134): Parameter "lpm_type" = "altsyncram"
Info (12021): Found 1 design units, including 1 entities, in source file db/altsyncram_j9q3.tdf
    Info (12023): Found entity 1: altsyncram_j9q3
Info (12128): Elaborating entity "altsyncram_j9q3" for hierarchy "RAM_data:U_Ram3_data|altsyncram:altsyncram_component|altsyncram_j9q3:auto_generated"
Info (286030): Timing-Driven Synthesis is running
Info (17049): 4 registers lost all their fanouts during netlist optimizations.
Info (16010): Generating hard_block partition "hard_block:auto_generated_inst"
    Info (16011): Adding 0 node(s), including 0 DDIO, 0 PLL, 0 transceiver and 0 LCELL
Info (21057): Implemented 281 device resources after synthesis - the final resource count might be different
    Info (21058): Implemented 46 input pins
    Info (21059): Implemented 32 output pins
    Info (21061): Implemented 171 logic cells
    Info (21064): Implemented 32 RAM segments
Info: Quartus II 64-Bit Analysis & Synthesis was successful. 0 errors, 0 warnings
    Info: Peak virtual memory: 808 megabytes
    Info: Processing ended: Mon Nov 30 13:10:23 2015
    Info: Elapsed time: 00:00:20
    Info: Total CPU time (on all processors): 00:00:38


